2026-03-16 21:18:29,154 - INFO - ETLLogger - The data recieved, start getting API
2026-03-16 21:18:29,155 - INFO - ETLLogger - Getting the data
2026-03-16 21:18:29,773 - INFO - ETLLogger - Data has been successfully recieved
2026-03-16 21:18:29,824 - INFO - ETLLogger - Start checking data quality
2026-03-16 21:18:29,833 - WARNING - ETLLogger - There is some wrong data {'price_change_24h': [2, 5, 7, 8, 15, 21, 26, 27, 38, 41, 49, 55, 59, 66, 71, 73, 82, 88, 93, 101, 103, 111, 114, 116, 117, 119, 121, 123, 124, 125, 126, 133, 142, 143, 147, 149, 154, 162, 167, 170, 173, 174, 181, 200, 205, 208, 212, 213, 228, 233, 235, 237, 238], 'price_change_percentage_24h': [2, 5, 7, 8, 15, 21, 26, 27, 38, 41, 49, 55, 59, 66, 71, 73, 82, 88, 93, 101, 103, 111, 114, 116, 117, 119, 121, 123, 124, 125, 126, 133, 142, 143, 147, 149, 154, 162, 167, 170, 173, 174, 181, 200, 205, 208, 212, 213, 228, 233, 235, 237, 238], 'market_cap_change_24h': [2, 7, 8, 15, 21, 26, 29, 38, 43, 49, 55, 59, 64, 66, 71, 73, 77, 82, 83, 88, 93, 94, 101, 103, 108, 111, 114, 116, 119, 121, 123, 124, 125, 126, 133, 142, 143, 146, 147, 149, 154, 162, 167, 174, 175, 181, 184, 200, 205, 208, 211, 212, 213, 228, 233, 238], 'market_cap_change_percentage_24h': [2, 7, 8, 15, 21, 26, 29, 38, 49, 55, 59, 64, 66, 71, 73, 77, 82, 83, 88, 93, 94, 101, 103, 108, 111, 114, 116, 119, 121, 123, 124, 125, 126, 133, 142, 143, 146, 147, 149, 154, 162, 167, 174, 175, 181, 184, 200, 205, 208, 211, 212, 213, 228, 233, 238], 'ath_change_percentage': [0, 1, 2, 3, 4, 5, 6, 7, 8, 9, 10, 11, 12, 13, 14, 15, 16, 17, 18, 19, 20, 21, 22, 23, 24, 25, 26, 27, 28, 29, 30, 31, 32, 33, 34, 35, 36, 37, 38, 39, 40, 41, 42, 44, 45, 46, 47, 48, 49, 50, 51, 52, 53, 54, 55, 56, 57, 58, 59, 60, 61, 62, 63, 65, 66, 67, 68, 69, 70, 71, 72, 73, 74, 75, 76, 77, 78, 80, 81, 82, 84, 85, 86, 87, 88, 89, 90, 91, 92, 93, 94, 95, 96, 97, 98, 99, 100, 101, 102, 103, 104, 105, 106, 107, 108, 109, 110, 111, 112, 113, 114, 115, 116, 117, 118, 119, 120, 121, 122, 123, 124, 125, 126, 127, 128, 129, 130, 131, 132, 133, 134, 135, 136, 137, 138, 139, 140, 141, 142, 143, 144, 145, 146, 147, 148, 149, 150, 151, 152, 153, 154, 155, 156, 157, 158, 159, 160, 161, 162, 163, 164, 165, 166, 167, 168, 169, 170, 171, 172, 173, 174, 175, 176, 177, 178, 179, 180, 181, 182, 183, 185, 186, 187, 188, 189, 190, 191, 192, 193, 194, 195, 197, 198, 199, 200, 201, 202, 203, 204, 205, 206, 207, 208, 209, 210, 211, 212, 213, 214, 215, 216, 217, 218, 219, 220, 221, 222, 223, 224, 225, 226, 227, 228, 229, 230, 231, 232, 233, 234, 235, 236, 237, 238, 239, 240, 241, 242, 243, 244, 245, 246, 247, 248, 249]}. Would you like to continue?
2026-03-16 21:18:31,445 - WARNING - ETLLogger - Warning! The data is'not fresh, it's 0     0 days 00:00:49.666240
1     0 days 00:00:47.075240
2     0 days 00:00:43.448240
3     0 days 00:00:46.652240
4     0 days 00:00:49.944240
               ...          
245   0 days 00:00:50.107240
246   0 days 00:00:45.830240
247   0 days 00:00:53.056240
248   0 days 00:00:54.102240
249   0 days 00:00:43.421240
Name: last_updated, Length: 250, dtype: timedelta64[us]. Would you like to continue?
2026-03-16 21:20:00,868 - INFO - ETLLogger - The data recieved, start getting API
2026-03-16 21:20:00,868 - INFO - ETLLogger - Getting the data
2026-03-16 21:20:01,001 - INFO - ETLLogger - Data has been successfully recieved
2026-03-16 21:20:01,034 - INFO - ETLLogger - Start checking data quality
2026-03-16 21:20:01,040 - WARNING - ETLLogger - There is some wrong data {'price_change_24h': [2, 5, 7, 8, 15, 21, 26, 38, 41, 49, 55, 59, 66, 71, 73, 82, 88, 93, 101, 103, 111, 114, 116, 121, 123, 124, 125, 126, 133, 142, 143, 147, 149, 154, 162, 167, 170, 173, 174, 181, 200, 205, 208, 212, 228, 233, 235, 237], 'price_change_percentage_24h': [2, 5, 7, 8, 15, 21, 26, 38, 41, 49, 55, 59, 66, 71, 73, 82, 88, 93, 101, 103, 111, 114, 116, 121, 123, 124, 125, 126, 133, 142, 143, 147, 149, 154, 162, 167, 170, 173, 174, 181, 200, 205, 208, 212, 228, 233, 235, 237], 'market_cap_change_24h': [2, 7, 8, 15, 21, 26, 29, 38, 43, 49, 55, 59, 64, 66, 71, 73, 77, 82, 83, 88, 93, 101, 103, 108, 111, 114, 116, 121, 123, 124, 125, 126, 133, 142, 143, 146, 147, 149, 154, 162, 167, 174, 175, 181, 184, 200, 205, 208, 211, 212, 228, 233, 239], 'market_cap_change_percentage_24h': [2, 7, 8, 15, 21, 26, 29, 38, 49, 55, 59, 64, 66, 71, 73, 77, 82, 83, 88, 93, 101, 103, 108, 111, 114, 116, 121, 123, 124, 125, 126, 133, 142, 143, 146, 147, 149, 154, 162, 167, 174, 175, 181, 184, 200, 205, 208, 211, 212, 228, 233, 239], 'ath_change_percentage': [0, 1, 2, 3, 4, 5, 6, 7, 8, 9, 10, 11, 12, 13, 14, 15, 16, 17, 18, 19, 20, 21, 22, 23, 24, 25, 26, 27, 28, 29, 30, 31, 32, 33, 34, 35, 36, 37, 38, 39, 40, 41, 42, 44, 45, 46, 47, 48, 49, 50, 51, 52, 53, 54, 55, 56, 57, 58, 59, 60, 61, 62, 63, 65, 66, 67, 68, 69, 70, 71, 72, 73, 74, 75, 76, 77, 78, 80, 81, 82, 84, 85, 86, 87, 88, 89, 90, 91, 92, 93, 94, 95, 96, 97, 98, 99, 100, 101, 102, 103, 104, 105, 106, 107, 108, 109, 110, 111, 112, 113, 114, 115, 116, 117, 118, 119, 120, 121, 122, 123, 124, 125, 126, 127, 128, 129, 130, 131, 132, 133, 134, 135, 136, 137, 138, 139, 140, 141, 142, 143, 144, 145, 146, 147, 148, 149, 150, 151, 152, 153, 154, 155, 156, 157, 158, 159, 160, 161, 162, 163, 164, 165, 166, 167, 168, 169, 170, 171, 172, 173, 174, 175, 176, 177, 178, 179, 180, 181, 182, 183, 185, 186, 187, 188, 189, 190, 191, 192, 193, 194, 195, 197, 198, 199, 200, 201, 202, 203, 204, 205, 206, 207, 208, 209, 210, 211, 212, 213, 214, 215, 216, 217, 218, 219, 220, 221, 222, 223, 224, 225, 226, 227, 228, 229, 230, 231, 232, 233, 234, 235, 236, 237, 238, 239, 240, 241, 242, 243, 244, 245, 246, 247, 248, 249]}. Would you like to continue?
2026-03-16 21:20:02,753 - WARNING - ETLLogger - Warning! The data is'not fresh, it's 0     0 days 00:01:31.373904
1     0 days 00:01:29.566904
2     0 days 00:01:40.198904
3     0 days 00:01:32.287904
4     0 days 00:01:31.680904
               ...          
245   0 days 00:01:35.238904
246   0 days 00:01:32.231904
247   0 days 00:01:30.184904
248   0 days 00:01:37.816904
249   0 days 00:01:39.110904
Name: last_updated, Length: 250, dtype: timedelta64[us]. Would you like to continue?
2026-03-16 21:23:16,571 - INFO - ETLLogger - The data recieved, start getting API
2026-03-16 21:23:16,572 - INFO - ETLLogger - Getting the data
2026-03-16 21:23:16,973 - INFO - ETLLogger - Data has been successfully recieved
2026-03-16 21:23:17,006 - INFO - ETLLogger - Start checking data quality
2026-03-16 21:23:17,014 - WARNING - ETLLogger - There is some wrong data {'price_change_24h': [2, 5, 7, 8, 15, 21, 26, 38, 41, 55, 59, 66, 71, 73, 77, 82, 88, 91, 93, 100, 101, 103, 111, 114, 116, 119, 121, 123, 124, 125, 126, 133, 142, 143, 146, 147, 153, 163, 165, 170, 173, 174, 176, 181, 199, 200, 205, 207, 212, 228, 232, 235, 236], 'price_change_percentage_24h': [2, 5, 7, 8, 15, 21, 26, 38, 41, 55, 59, 66, 71, 73, 77, 82, 88, 91, 93, 100, 101, 103, 111, 114, 116, 119, 121, 123, 124, 125, 126, 133, 142, 143, 146, 147, 153, 163, 165, 170, 173, 174, 176, 181, 199, 200, 205, 207, 212, 228, 232, 235, 236], 'market_cap_change_24h': [2, 7, 8, 15, 21, 26, 29, 38, 43, 49, 55, 59, 64, 66, 71, 73, 82, 83, 88, 91, 93, 101, 103, 108, 111, 114, 116, 119, 121, 123, 124, 125, 126, 133, 142, 143, 153, 163, 165, 173, 174, 176, 181, 184, 200, 205, 207, 212, 228, 232], 'market_cap_change_percentage_24h': [2, 7, 8, 15, 21, 26, 29, 38, 49, 55, 59, 64, 66, 71, 73, 82, 83, 88, 91, 93, 101, 103, 108, 111, 114, 116, 119, 121, 123, 124, 125, 126, 133, 142, 143, 153, 163, 165, 173, 174, 176, 181, 184, 200, 205, 207, 212, 228, 232], 'ath_change_percentage': [0, 1, 2, 3, 4, 5, 6, 7, 8, 9, 10, 11, 12, 13, 14, 15, 16, 17, 18, 19, 20, 21, 22, 23, 24, 25, 26, 27, 28, 29, 30, 31, 32, 33, 34, 35, 36, 37, 38, 39, 40, 41, 42, 44, 45, 46, 47, 48, 49, 50, 51, 52, 53, 54, 55, 56, 57, 58, 59, 60, 61, 62, 63, 65, 66, 67, 68, 69, 70, 71, 72, 73, 74, 75, 76, 77, 78, 80, 81, 82, 84, 85, 86, 87, 88, 89, 90, 91, 92, 93, 94, 95, 96, 97, 98, 99, 100, 101, 102, 103, 104, 105, 106, 107, 108, 109, 110, 111, 112, 113, 114, 115, 116, 117, 118, 119, 120, 121, 122, 123, 124, 125, 126, 127, 128, 129, 130, 131, 132, 133, 134, 135, 136, 137, 138, 139, 140, 141, 142, 143, 144, 145, 146, 147, 148, 149, 150, 151, 152, 153, 154, 155, 156, 157, 158, 159, 160, 161, 162, 163, 164, 165, 166, 167, 168, 169, 170, 171, 172, 173, 174, 175, 176, 177, 178, 179, 180, 181, 182, 183, 185, 186, 187, 188, 189, 190, 191, 192, 193, 194, 195, 197, 198, 199, 200, 201, 202, 203, 204, 205, 206, 207, 208, 209, 210, 211, 212, 213, 214, 215, 216, 217, 218, 219, 220, 221, 222, 223, 224, 225, 226, 227, 228, 229, 230, 231, 232, 233, 234, 235, 236, 237, 238, 239, 240, 241, 242, 243, 244, 245, 246, 247, 248, 249]}. Would you like to continue?
2026-03-16 21:23:18,644 - WARNING - ETLLogger - Warning! The data is'not fresh, it's 0     0 days 00:00:17.344224
1     0 days 00:00:16.239224
2     0 days 00:00:19.654224
3     0 days 00:00:20.619224
4     0 days 00:00:17.707224
               ...          
245   0 days 00:00:14.208224
246   0 days 00:00:19.239224
247   0 days 00:00:17.260224
248   0 days 00:00:16.733224
249   0 days 00:00:20.625224
Name: last_updated, Length: 250, dtype: timedelta64[us]. Would you like to continue?
2026-03-16 21:37:20,508 - INFO - ETLLogger - Load .env from /home/artem/MyPythonProject/project/.env
2026-03-16 21:38:18,099 - INFO - ETLLogger - Load .env from /home/artem/MyPythonProject/project/.env
2026-03-16 21:41:31,201 - INFO - ETLLogger - Load .env from /home/artem/MyPythonProject/project/.env
2026-03-16 21:41:36,644 - INFO - ETLLogger - The data recieved, start getting API
2026-03-16 21:41:36,645 - INFO - ETLLogger - Getting the data
2026-03-16 21:41:36,910 - INFO - ETLLogger - Data has been successfully recieved
2026-03-16 21:41:36,953 - INFO - ETLLogger - Start checking data quality
2026-03-16 21:41:36,958 - WARNING - ETLLogger - There is some wrong data {'price_change_24h': [2, 5, 7, 8, 11, 15, 18, 21, 26, 27, 38, 41, 49, 52, 55, 58, 59, 66, 71, 73, 77, 82, 88, 89, 91, 93, 94, 100, 101, 103, 111, 114, 116, 121, 123, 124, 126, 132, 133, 142, 146, 147, 149, 154, 157, 163, 167, 168, 172, 181, 199, 203, 205, 207, 211, 213, 217, 227, 228, 229, 233, 235, 237, 241], 'price_change_percentage_24h': [2, 5, 7, 8, 11, 15, 18, 21, 26, 27, 38, 41, 49, 52, 55, 58, 59, 66, 71, 73, 77, 82, 88, 89, 91, 93, 94, 100, 101, 103, 111, 114, 116, 121, 123, 124, 126, 132, 133, 142, 146, 147, 149, 154, 157, 163, 167, 168, 172, 181, 199, 203, 205, 207, 211, 213, 217, 227, 228, 229, 233, 235, 237, 241], 'market_cap_change_24h': [2, 7, 8, 15, 18, 21, 26, 29, 38, 43, 49, 55, 58, 59, 64, 66, 71, 73, 77, 82, 83, 88, 91, 93, 100, 101, 103, 108, 111, 114, 116, 121, 123, 124, 126, 132, 133, 142, 146, 149, 154, 157, 163, 167, 168, 174, 176, 181, 184, 200, 205, 207, 211, 213, 217, 228, 229, 239, 241], 'market_cap_change_percentage_24h': [2, 7, 8, 15, 18, 21, 26, 29, 38, 49, 55, 58, 59, 64, 66, 71, 73, 77, 82, 83, 88, 91, 93, 100, 101, 103, 108, 111, 114, 116, 121, 123, 124, 126, 132, 133, 142, 146, 149, 154, 157, 163, 167, 168, 174, 176, 181, 184, 200, 205, 207, 211, 213, 217, 228, 229, 239, 241], 'ath_change_percentage': [0, 1, 2, 3, 4, 5, 6, 7, 8, 9, 10, 11, 12, 13, 14, 15, 16, 17, 18, 19, 20, 21, 22, 23, 24, 25, 26, 27, 28, 29, 30, 31, 32, 33, 34, 35, 36, 37, 38, 39, 40, 41, 42, 44, 45, 46, 47, 48, 49, 50, 51, 52, 53, 54, 55, 56, 57, 58, 59, 60, 61, 62, 63, 65, 66, 67, 68, 69, 70, 71, 72, 73, 74, 75, 76, 77, 78, 80, 81, 82, 84, 85, 86, 87, 88, 89, 90, 91, 92, 93, 94, 95, 96, 97, 98, 99, 100, 101, 102, 103, 104, 105, 106, 107, 108, 109, 110, 111, 112, 113, 114, 115, 116, 117, 118, 119, 120, 121, 122, 123, 124, 125, 126, 127, 128, 129, 130, 131, 132, 133, 134, 135, 136, 137, 138, 139, 140, 141, 142, 143, 144, 145, 146, 147, 148, 149, 150, 151, 152, 153, 154, 155, 156, 157, 158, 159, 160, 161, 162, 163, 164, 165, 166, 167, 168, 169, 170, 171, 172, 173, 174, 175, 176, 177, 178, 179, 180, 181, 182, 183, 185, 186, 187, 188, 189, 190, 191, 192, 193, 194, 195, 197, 198, 199, 200, 201, 202, 203, 204, 205, 206, 207, 208, 209, 210, 211, 212, 213, 214, 215, 216, 217, 218, 219, 220, 221, 222, 223, 224, 225, 226, 227, 228, 229, 230, 231, 232, 233, 234, 235, 236, 237, 238, 239, 240, 241, 242, 243, 244, 245, 246, 247, 248, 249]}. Would you like to continue?
2026-03-16 21:41:38,714 - WARNING - ETLLogger - Warning! The data is'not fresh, it's 0     0 days 00:00:54.301711
1     0 days 00:00:59.037711
2     0 days 00:00:57.709711
3     0 days 00:00:58.246711
4     0 days 00:00:54.495711
               ...          
245   0 days 00:00:58.392711
246   0 days 00:00:52.651711
247   0 days 00:00:57.757711
248   0 days 00:00:55.298711
249   0 days 00:01:00.048711
Name: last_updated, Length: 250, dtype: timedelta64[us]. Would you like to continue?
2026-03-16 21:51:08,259 - INFO - ETLLogger - Load .env from /home/artem/MyPythonProject/project/.env
2026-03-16 21:51:11,518 - INFO - ETLLogger - The data recieved, start getting API
2026-03-16 21:51:11,518 - INFO - ETLLogger - Getting the data
2026-03-16 21:51:11,750 - INFO - ETLLogger - Data has been successfully recieved
2026-03-16 21:51:11,796 - INFO - ETLLogger - Start checking data quality
2026-03-16 21:51:11,805 - WARNING - ETLLogger - There is some wrong data {'price_change_24h': [2, 5, 7, 8, 18, 22, 26, 27, 38, 41, 49, 55, 59, 66, 73, 77, 82, 88, 89, 93, 94, 100, 101, 103, 111, 114, 117, 121, 123, 124, 125, 127, 133, 142, 149, 154, 164, 168, 171, 174, 177, 181, 199, 205, 207, 211, 213, 227, 229, 235, 237, 239], 'price_change_percentage_24h': [2, 5, 7, 8, 18, 22, 26, 27, 38, 41, 49, 55, 59, 66, 73, 77, 82, 88, 89, 93, 94, 100, 101, 103, 111, 114, 117, 121, 123, 124, 125, 127, 133, 142, 149, 154, 164, 168, 171, 174, 177, 181, 199, 205, 207, 211, 213, 227, 229, 235, 237, 239], 'market_cap_change_24h': [2, 7, 8, 22, 26, 29, 38, 43, 49, 55, 59, 64, 66, 71, 73, 77, 82, 88, 89, 91, 93, 94, 100, 101, 103, 108, 111, 114, 117, 121, 123, 124, 125, 133, 142, 149, 154, 164, 168, 174, 177, 181, 184, 200, 205, 207, 211, 213, 228, 229, 239, 241], 'market_cap_change_percentage_24h': [2, 7, 8, 22, 26, 29, 38, 49, 55, 59, 64, 66, 71, 73, 77, 82, 88, 89, 91, 93, 94, 100, 101, 103, 108, 111, 114, 117, 121, 123, 124, 125, 133, 142, 149, 154, 164, 168, 174, 177, 181, 184, 200, 205, 207, 211, 213, 228, 229, 239, 241], 'ath_change_percentage': [0, 1, 2, 3, 4, 5, 6, 7, 8, 9, 10, 11, 12, 13, 14, 15, 16, 17, 18, 19, 20, 21, 22, 23, 24, 25, 26, 27, 28, 29, 30, 31, 32, 33, 34, 35, 36, 37, 38, 39, 40, 41, 42, 44, 45, 46, 47, 48, 49, 50, 51, 52, 53, 54, 55, 56, 57, 58, 59, 60, 61, 62, 63, 65, 66, 67, 68, 69, 70, 71, 72, 73, 74, 75, 76, 77, 78, 80, 81, 82, 84, 85, 86, 87, 88, 89, 90, 91, 92, 93, 94, 95, 96, 97, 98, 99, 100, 101, 102, 103, 104, 105, 106, 107, 108, 109, 110, 111, 112, 113, 114, 115, 116, 117, 118, 119, 120, 121, 122, 123, 124, 125, 126, 127, 128, 129, 130, 131, 132, 133, 134, 135, 136, 137, 138, 139, 140, 141, 142, 143, 144, 145, 146, 147, 148, 149, 150, 151, 152, 153, 154, 155, 156, 157, 158, 159, 160, 161, 162, 163, 164, 165, 166, 167, 168, 169, 170, 171, 172, 173, 174, 175, 176, 177, 178, 179, 180, 181, 182, 183, 185, 186, 187, 188, 189, 190, 191, 192, 193, 194, 195, 197, 198, 199, 200, 201, 202, 203, 204, 205, 206, 207, 208, 209, 210, 211, 212, 213, 214, 215, 216, 217, 218, 219, 220, 221, 222, 223, 224, 225, 226, 227, 228, 229, 230, 231, 232, 233, 234, 235, 236, 237, 238, 239, 240, 241, 242, 243, 244, 245, 246, 247, 248, 249]}. Would you like to continue?
2026-03-16 21:51:13,138 - WARNING - ETLLogger - Warning! The data is'not fresh, it's 0     0 days 00:00:30.384361
1     0 days 00:00:37.207361
2     0 days 00:00:28.957361
3     0 days 00:00:30.546361
4     0 days 00:00:30.550361
               ...          
245   0 days 00:00:35.311361
246   0 days 00:00:33.778361
247   0 days 00:00:31.562361
248   0 days 00:00:27.085361
249   0 days 00:00:29.363361
Name: last_updated, Length: 250, dtype: timedelta64[us]. Would you like to continue?
2026-03-16 21:56:24,730 - INFO - ETLLogger - Load .env from /home/artem/MyPythonProject/project/.env
2026-03-16 21:56:52,656 - INFO - ETLLogger - The data recieved, start getting API
2026-03-16 21:56:52,657 - INFO - ETLLogger - Getting the data
2026-03-16 21:56:52,987 - INFO - ETLLogger - Data has been successfully recieved
2026-03-16 21:56:53,021 - INFO - ETLLogger - Start checking data quality
2026-03-16 21:56:53,026 - WARNING - ETLLogger - There is some wrong data {'price_change_24h': [2, 5, 7, 8, 22, 26, 27, 38, 41, 55, 59, 66, 73, 88, 89, 91, 93, 94, 100, 101, 111, 114, 117, 122, 123, 124, 125, 127, 133, 142, 146, 147, 149, 154, 167, 169, 172, 174, 177, 181, 199, 205, 207, 212, 214, 227, 229, 235, 237, 239], 'price_change_percentage_24h': [2, 5, 7, 8, 22, 26, 27, 38, 41, 55, 59, 66, 73, 88, 89, 91, 93, 94, 100, 101, 111, 114, 117, 122, 123, 124, 125, 127, 133, 142, 146, 147, 149, 154, 167, 169, 172, 174, 177, 181, 199, 205, 207, 212, 214, 227, 229, 235, 237, 239], 'market_cap_change_24h': [2, 7, 8, 22, 26, 27, 29, 38, 43, 49, 55, 58, 59, 64, 66, 73, 77, 82, 88, 89, 91, 93, 100, 101, 108, 111, 114, 117, 122, 123, 124, 125, 133, 142, 146, 149, 154, 167, 169, 174, 177, 181, 184, 200, 205, 207, 212, 214, 228, 229, 239], 'market_cap_change_percentage_24h': [2, 7, 8, 22, 26, 27, 29, 38, 49, 55, 58, 59, 64, 66, 73, 77, 82, 88, 89, 91, 93, 100, 101, 108, 111, 114, 117, 122, 123, 124, 125, 133, 142, 146, 149, 154, 167, 169, 174, 177, 181, 184, 200, 205, 207, 212, 214, 228, 229, 239], 'ath_change_percentage': [0, 1, 2, 3, 4, 5, 6, 7, 8, 9, 10, 11, 12, 13, 14, 15, 16, 17, 18, 19, 20, 21, 22, 23, 24, 25, 26, 27, 28, 29, 30, 31, 32, 33, 34, 35, 36, 37, 38, 39, 40, 41, 42, 44, 45, 46, 47, 48, 49, 50, 51, 52, 53, 54, 55, 56, 57, 58, 59, 60, 61, 62, 63, 65, 66, 67, 68, 69, 70, 71, 72, 73, 74, 75, 76, 77, 78, 80, 81, 82, 84, 85, 86, 87, 88, 89, 90, 91, 92, 93, 94, 95, 96, 97, 98, 99, 100, 101, 102, 103, 104, 105, 106, 107, 108, 109, 110, 111, 112, 113, 114, 115, 116, 117, 118, 119, 120, 121, 122, 123, 124, 125, 126, 127, 128, 129, 130, 131, 132, 133, 134, 135, 136, 137, 138, 139, 140, 141, 142, 143, 144, 145, 146, 147, 148, 149, 150, 151, 152, 153, 154, 155, 156, 157, 158, 159, 160, 161, 162, 163, 164, 165, 166, 167, 168, 169, 170, 171, 172, 173, 174, 175, 176, 177, 178, 179, 180, 181, 182, 183, 185, 186, 187, 188, 189, 190, 191, 192, 193, 194, 195, 197, 198, 199, 200, 201, 202, 203, 204, 205, 206, 207, 208, 209, 210, 211, 212, 213, 214, 215, 216, 217, 218, 219, 220, 221, 222, 223, 224, 225, 226, 227, 228, 229, 230, 231, 232, 233, 234, 235, 236, 237, 238, 239, 240, 241, 242, 243, 244, 245, 246, 247, 248, 249]}. Would you like to continue?
2026-03-16 21:56:54,905 - WARNING - ETLLogger - Warning! The data is'not fresh, it's 0     0 days 00:01:32.317023
1     0 days 00:01:31.045023
2     0 days 00:01:27.264023
3     0 days 00:01:41.072023
4     0 days 00:01:32.649023
               ...          
245   0 days 00:01:33.520023
246   0 days 00:01:31.915023
247   0 days 00:01:34.830023
248   0 days 00:01:29.312023
249   0 days 00:01:37.206023
Name: last_updated, Length: 250, dtype: timedelta64[us]. Would you like to continue?
2026-03-16 21:57:00,244 - INFO - ETLLogger - The data have benn succesfully pushed to the database!
2026-03-16 21:57:10,859 - INFO - ETLLogger - Load .env from /home/artem/MyPythonProject/project/.env
2026-03-16 21:57:15,027 - INFO - ETLLogger - The data recieved, start getting API
2026-03-16 21:57:15,027 - INFO - ETLLogger - Getting the data
2026-03-16 21:57:15,328 - INFO - ETLLogger - Data has been successfully recieved
2026-03-16 21:57:15,352 - INFO - ETLLogger - Start checking data quality
2026-03-16 21:57:15,357 - WARNING - ETLLogger - There is some wrong data {'price_change_24h': [2, 5, 7, 8, 22, 26, 27, 38, 41, 55, 59, 66, 73, 77, 88, 89, 91, 93, 94, 100, 102, 103, 111, 114, 116, 122, 123, 124, 125, 127, 135, 142, 146, 147, 149, 154, 167, 169, 172, 174, 176, 181, 199, 205, 207, 212, 214, 227, 229, 235, 239], 'price_change_percentage_24h': [2, 5, 7, 8, 22, 26, 27, 38, 41, 55, 59, 66, 73, 77, 88, 89, 91, 93, 94, 100, 102, 103, 111, 114, 116, 122, 123, 124, 125, 127, 135, 142, 146, 147, 149, 154, 167, 169, 172, 174, 176, 181, 199, 205, 207, 212, 214, 227, 229, 235, 239], 'market_cap_change_24h': [2, 7, 8, 22, 26, 27, 29, 38, 43, 49, 55, 58, 59, 64, 66, 73, 77, 82, 88, 89, 91, 93, 100, 102, 108, 111, 114, 116, 122, 123, 124, 125, 135, 142, 146, 149, 154, 167, 169, 174, 176, 181, 184, 200, 205, 207, 212, 214, 228, 229, 239], 'market_cap_change_percentage_24h': [2, 7, 8, 22, 26, 27, 29, 38, 49, 55, 58, 59, 64, 66, 73, 77, 82, 88, 89, 91, 93, 100, 102, 108, 111, 114, 116, 122, 123, 124, 125, 135, 142, 146, 149, 154, 167, 169, 174, 176, 181, 184, 200, 205, 207, 212, 214, 228, 229, 239], 'ath_change_percentage': [0, 1, 2, 3, 4, 5, 6, 7, 8, 9, 10, 11, 12, 13, 14, 15, 16, 17, 18, 19, 20, 21, 22, 23, 24, 25, 26, 27, 28, 29, 30, 31, 32, 33, 34, 35, 36, 37, 38, 39, 40, 41, 42, 44, 45, 46, 47, 48, 49, 50, 51, 52, 53, 54, 55, 56, 57, 58, 59, 60, 61, 62, 63, 65, 66, 67, 68, 69, 70, 71, 72, 73, 74, 75, 76, 77, 78, 80, 81, 82, 84, 85, 86, 87, 88, 89, 90, 91, 92, 93, 94, 95, 96, 97, 98, 99, 100, 101, 102, 103, 104, 105, 106, 107, 108, 109, 110, 111, 112, 113, 114, 115, 116, 117, 118, 119, 120, 121, 122, 123, 124, 125, 126, 127, 128, 129, 130, 131, 132, 133, 134, 135, 136, 137, 138, 139, 140, 141, 142, 143, 144, 145, 146, 147, 148, 149, 150, 151, 152, 153, 154, 155, 156, 157, 158, 159, 160, 161, 162, 163, 164, 165, 166, 167, 168, 169, 170, 171, 172, 173, 174, 175, 176, 177, 178, 179, 180, 181, 182, 183, 185, 186, 187, 188, 189, 190, 191, 192, 193, 194, 195, 197, 198, 199, 200, 201, 202, 203, 204, 205, 206, 207, 208, 209, 210, 211, 212, 213, 214, 215, 216, 217, 218, 219, 220, 221, 222, 223, 224, 225, 226, 227, 228, 229, 230, 231, 232, 233, 234, 235, 236, 237, 238, 239, 240, 241, 242, 243, 244, 245, 246, 247, 248, 249]}. Would you like to continue?
2026-03-16 21:57:17,141 - WARNING - ETLLogger - Warning! The data is'not fresh, it's 0     0 days 00:00:31.949559
1     0 days 00:00:31.491559
2     0 days 00:00:18.711559
3     0 days 00:00:22.362559
4     0 days 00:00:32.202559
               ...          
245   0 days 00:00:24.596559
246   0 days 00:00:21.433559
247   0 days 00:00:27.389559
248   0 days 00:00:23.675559
249   0 days 00:00:19.593559
Name: last_updated, Length: 250, dtype: timedelta64[us]. Would you like to continue?
2026-03-16 21:57:18,684 - INFO - ETLLogger - The function has been stoped becouse of the bad data quality
2026-03-16 21:57:24,999 - INFO - ETLLogger - Load .env from /home/artem/MyPythonProject/project/.env
2026-03-16 21:57:27,676 - INFO - ETLLogger - The data recieved, start getting API
2026-03-16 21:57:27,676 - INFO - ETLLogger - Getting the data
2026-03-16 21:57:27,975 - INFO - ETLLogger - Data has been successfully recieved
2026-03-16 21:57:28,009 - INFO - ETLLogger - Start checking data quality
2026-03-16 21:57:28,017 - WARNING - ETLLogger - There is some wrong data {'price_change_24h': [2, 5, 7, 8, 22, 26, 27, 38, 41, 55, 59, 66, 73, 77, 88, 89, 91, 93, 94, 100, 102, 103, 111, 114, 116, 122, 123, 124, 125, 127, 135, 142, 146, 147, 149, 154, 167, 169, 172, 174, 176, 181, 199, 205, 207, 212, 214, 227, 229, 235, 239], 'price_change_percentage_24h': [2, 5, 7, 8, 22, 26, 27, 38, 41, 55, 59, 66, 73, 77, 88, 89, 91, 93, 94, 100, 102, 103, 111, 114, 116, 122, 123, 124, 125, 127, 135, 142, 146, 147, 149, 154, 167, 169, 172, 174, 176, 181, 199, 205, 207, 212, 214, 227, 229, 235, 239], 'market_cap_change_24h': [2, 7, 8, 22, 26, 27, 29, 38, 43, 49, 55, 58, 59, 64, 66, 73, 77, 82, 88, 89, 91, 93, 100, 102, 108, 111, 114, 116, 122, 123, 124, 125, 135, 142, 146, 149, 154, 167, 169, 174, 176, 181, 184, 200, 205, 207, 212, 214, 228, 229, 239], 'market_cap_change_percentage_24h': [2, 7, 8, 22, 26, 27, 29, 38, 49, 55, 58, 59, 64, 66, 73, 77, 82, 88, 89, 91, 93, 100, 102, 108, 111, 114, 116, 122, 123, 124, 125, 135, 142, 146, 149, 154, 167, 169, 174, 176, 181, 184, 200, 205, 207, 212, 214, 228, 229, 239], 'ath_change_percentage': [0, 1, 2, 3, 4, 5, 6, 7, 8, 9, 10, 11, 12, 13, 14, 15, 16, 17, 18, 19, 20, 21, 22, 23, 24, 25, 26, 27, 28, 29, 30, 31, 32, 33, 34, 35, 36, 37, 38, 39, 40, 41, 42, 44, 45, 46, 47, 48, 49, 50, 51, 52, 53, 54, 55, 56, 57, 58, 59, 60, 61, 62, 63, 65, 66, 67, 68, 69, 70, 71, 72, 73, 74, 75, 76, 77, 78, 80, 81, 82, 84, 85, 86, 87, 88, 89, 90, 91, 92, 93, 94, 95, 96, 97, 98, 99, 100, 101, 102, 103, 104, 105, 106, 107, 108, 109, 110, 111, 112, 113, 114, 115, 116, 117, 118, 119, 120, 121, 122, 123, 124, 125, 126, 127, 128, 129, 130, 131, 132, 133, 134, 135, 136, 137, 138, 139, 140, 141, 142, 143, 144, 145, 146, 147, 148, 149, 150, 151, 152, 153, 154, 155, 156, 157, 158, 159, 160, 161, 162, 163, 164, 165, 166, 167, 168, 169, 170, 171, 172, 173, 174, 175, 176, 177, 178, 179, 180, 181, 182, 183, 185, 186, 187, 188, 189, 190, 191, 192, 193, 194, 195, 197, 198, 199, 200, 201, 202, 203, 204, 205, 206, 207, 208, 209, 210, 211, 212, 213, 214, 215, 216, 217, 218, 219, 220, 221, 222, 223, 224, 225, 226, 227, 228, 229, 230, 231, 232, 233, 234, 235, 236, 237, 238, 239, 240, 241, 242, 243, 244, 245, 246, 247, 248, 249]}. Would you like to continue?
2026-03-16 21:57:29,384 - WARNING - ETLLogger - Warning! The data is'not fresh, it's 0     0 days 00:00:44.194569
1     0 days 00:00:43.736569
2     0 days 00:00:30.956569
3     0 days 00:00:34.607569
4     0 days 00:00:44.447569
               ...          
245   0 days 00:00:36.841569
246   0 days 00:00:33.678569
247   0 days 00:00:39.634569
248   0 days 00:00:35.920569
249   0 days 00:00:31.838569
Name: last_updated, Length: 250, dtype: timedelta64[us]. Would you like to continue?
2026-03-16 21:57:30,953 - INFO - ETLLogger - The data have benn succesfully pushed to the database!
